2021-03-25 03:54:37 [main] INFO  org.zhyuliuk.array.service.DefinitionArrayService- quantity of negative elements : Array{arr=[-1, -2, -3, 1, 2, 3, 10, -10]},result : 4
2021-03-25 03:54:37 [main] INFO  org.zhyuliuk.array.service.DefinitionArrayService- quantity of positive elements : Array{arr=[-1, -2, -3, 1, 2, 3, 10, -10]},result : 4
2021-03-25 03:54:37 [main] INFO  org.zhyuliuk.array.service.DefinitionArrayService- sum of elements : Array{arr=[-1, -2, -3, 1, 2, 3, 10, -10]},result : 0
2021-03-25 03:54:37 [main] INFO  org.zhyuliuk.array.service.DefinitionArrayService- average value elements : Array{arr=[-1, -2, -3, 1, 2, 3, 10, -10]},result : 0.0
2021-03-25 03:54:37 [main] INFO  org.zhyuliuk.array.service.SearchArrayService- max : Array{arr=[-1, -2, -3, 1, 2, 3, 10, -10]}, result : 10 
2021-03-25 03:54:37 [main] INFO  org.zhyuliuk.array.service.SearchArrayService- min : Array{arr=[-1, -2, -3, 1, 2, 3, 10, -10]}, result : -10 
2021-03-25 03:54:37 [main] INFO  org.zhyuliuk.array.service.ReplacementArrayService- changed array : Array{arr=[57, 57, 57, 1, 2, 3, 10, 57]}
2021-03-25 12:55:08 [main] INFO  org.zhyuliuk.array.service.DefinitionArrayService- sum of elements : Array{arr=[-1, -2, -3, 1, 2, 3, 10, -10]},result : 0
2021-03-25 12:55:08 [main] INFO  org.zhyuliuk.array.service.DefinitionArrayService- quantity of negative elements : Array{arr=[-1, -2, -3, 1, 2, 3, 10, -10]},result : 4
2021-03-25 12:55:08 [main] INFO  org.zhyuliuk.array.service.DefinitionArrayService- quantity of positive elements : Array{arr=[-1, -2, -3, 1, 2, 3, 10, -10]},result : 4
2021-03-25 12:55:08 [main] INFO  org.zhyuliuk.array.service.DefinitionArrayService- sum of elements : Array{arr=[-1, -2, -3, 1, 2, 3, 10, -10]},result : 0
2021-03-25 12:55:08 [main] INFO  org.zhyuliuk.array.service.DefinitionArrayService- average value elements : Array{arr=[-1, -2, -3, 1, 2, 3, 10, -10]},result : 0.0
2021-03-25 12:55:08 [main] INFO  org.zhyuliuk.array.service.SearchArrayService- max : Array{arr=[-1, -2, -3, 1, 2, 3, 10, -10]}, result : 10 
2021-03-25 12:55:08 [main] INFO  org.zhyuliuk.array.service.SearchArrayService- min : Array{arr=[-1, -2, -3, 1, 2, 3, 10, -10]}, result : -10 
2021-03-25 12:55:08 [main] INFO  org.zhyuliuk.array.service.ReplacementArrayService- changed array : Array{arr=[57, 57, 57, 1, 2, 3, 10, 57]}
2021-03-28 23:11:41 [main] INFO  org.zhyuliuk.array.service.DefinitionArrayService- sum of elements : Array{arr=[-1, -2, -3, 1, 2, 3, 10, -10]},result : 0
2021-03-28 23:11:41 [main] INFO  org.zhyuliuk.array.service.DefinitionArrayService- quantity of negative elements : Array{arr=[-1, -2, -3, 1, 2, 3, 10, -10]},result : 4
2021-03-28 23:11:41 [main] INFO  org.zhyuliuk.array.service.DefinitionArrayService- quantity of positive elements : Array{arr=[-1, -2, -3, 1, 2, 3, 10, -10]},result : 4
2021-03-28 23:11:41 [main] INFO  org.zhyuliuk.array.service.DefinitionArrayService- sum of elements : Array{arr=[-1, -2, -3, 1, 2, 3, 10, -10]},result : 0
2021-03-28 23:11:41 [main] INFO  org.zhyuliuk.array.service.DefinitionArrayService- average value elements : Array{arr=[-1, -2, -3, 1, 2, 3, 10, -10]},result : 0.0
2021-03-28 23:11:41 [main] INFO  org.zhyuliuk.array.service.SearchArrayService- max : Array{arr=[-1, -2, -3, 1, 2, 3, 10, -10]}, result : 10 
2021-03-28 23:11:41 [main] INFO  org.zhyuliuk.array.service.SearchArrayService- min : Array{arr=[-1, -2, -3, 1, 2, 3, 10, -10]}, result : -10 
2021-03-28 23:11:41 [main] INFO  org.zhyuliuk.array.service.ReplacementArrayService- changed array : Array{arr=[57, 57, 57, 1, 2, 3, 10, 57]}
2021-03-28 23:52:25 [main] INFO  org.zhyuliuk.array.service.DefinitionArrayService- sum of elements : Array{arr=[-1, -2, -3, 1, 2, 3, 10, -10]},result : 0
2021-03-28 23:52:25 [main] INFO  org.zhyuliuk.array.service.DefinitionArrayService- quantity of negative elements : Array{arr=[-1, -2, -3, 1, 2, 3, 10, -10]},result : 4
2021-03-28 23:52:25 [main] INFO  org.zhyuliuk.array.service.DefinitionArrayService- quantity of positive elements : Array{arr=[-1, -2, -3, 1, 2, 3, 10, -10]},result : 4
2021-03-28 23:52:25 [main] INFO  org.zhyuliuk.array.service.DefinitionArrayService- sum of elements : Array{arr=[-1, -2, -3, 1, 2, 3, 10, -10]},result : 0
2021-03-28 23:52:25 [main] INFO  org.zhyuliuk.array.service.DefinitionArrayService- average value elements : Array{arr=[-1, -2, -3, 1, 2, 3, 10, -10]},result : 0.0
2021-03-28 23:52:25 [main] INFO  org.zhyuliuk.array.service.SearchArrayService- max : Array{arr=[-1, -2, -3, 1, 2, 3, 10, -10]}, result : 10 
2021-03-28 23:52:25 [main] INFO  org.zhyuliuk.array.service.SearchArrayService- min : Array{arr=[-1, -2, -3, 1, 2, 3, 10, -10]}, result : -10 
2021-03-28 23:52:25 [main] INFO  org.zhyuliuk.array.service.ReplacementArrayService- changed array : Array{arr=[57, 57, 57, 1, 2, 3, 10, 57]}
2021-03-29 00:19:48 [main] INFO  org.zhyuliuk.array.service.DefinitionArrayService- sum of elements : Array{arr=[-1, -2, -3, 1, 2, 3, 10, -10]},result : 0
2021-03-29 00:19:48 [main] INFO  org.zhyuliuk.array.service.DefinitionArrayService- quantity of negative elements : Array{arr=[-1, -2, -3, 1, 2, 3, 10, -10]},result : 4
